{"ts": "2026-01-11T06:28:52.147162+00:00", "level": "info", "service": "memory_core", "msg": "Initializing Memory Core (SQLite + ChromaDB)"}
INFO:     Started server process [51636]
INFO:     Waiting for application startup.
INFO:     Application startup complete.
INFO:     Uvicorn running on http://0.0.0.0:8001 (Press CTRL+C to quit)
INFO:     127.0.0.1:55215 - "GET /health HTTP/1.1" 500 Internal Server Error
ERROR:    Exception in ASGI application
Traceback (most recent call last):
  File "/Users/hadi/Development/Mumega/sos/venv/lib/python3.14/site-packages/uvicorn/protocols/http/h11_impl.py", line 410, in run_asgi
    result = await app(  # type: ignore[func-returns-value]
             ^^^^^^^^^^^^^^^^^^^^^^^^^^^^^^^^^^^^^^^^^^^^^^
        self.scope, self.receive, self.send
        ^^^^^^^^^^^^^^^^^^^^^^^^^^^^^^^^^^^
    )
    ^
  File "/Users/hadi/Development/Mumega/sos/venv/lib/python3.14/site-packages/uvicorn/middleware/proxy_headers.py", line 60, in __call__
    return await self.app(scope, receive, send)
           ^^^^^^^^^^^^^^^^^^^^^^^^^^^^^^^^^^^^
  File "/Users/hadi/Development/Mumega/sos/venv/lib/python3.14/site-packages/fastapi/applications.py", line 1135, in __call__
    await super().__call__(scope, receive, send)
  File "/Users/hadi/Development/Mumega/sos/venv/lib/python3.14/site-packages/starlette/applications.py", line 107, in __call__
    await self.middleware_stack(scope, receive, send)
  File "/Users/hadi/Development/Mumega/sos/venv/lib/python3.14/site-packages/starlette/middleware/errors.py", line 186, in __call__
    raise exc
  File "/Users/hadi/Development/Mumega/sos/venv/lib/python3.14/site-packages/starlette/middleware/errors.py", line 164, in __call__
    await self.app(scope, receive, _send)
  File "/Users/hadi/Development/Mumega/sos/venv/lib/python3.14/site-packages/starlette/middleware/exceptions.py", line 63, in __call__
    await wrap_app_handling_exceptions(self.app, conn)(scope, receive, send)
  File "/Users/hadi/Development/Mumega/sos/venv/lib/python3.14/site-packages/starlette/_exception_handler.py", line 53, in wrapped_app
    raise exc
  File "/Users/hadi/Development/Mumega/sos/venv/lib/python3.14/site-packages/starlette/_exception_handler.py", line 42, in wrapped_app
    await app(scope, receive, sender)
  File "/Users/hadi/Development/Mumega/sos/venv/lib/python3.14/site-packages/fastapi/middleware/asyncexitstack.py", line 18, in __call__
    await self.app(scope, receive, send)
  File "/Users/hadi/Development/Mumega/sos/venv/lib/python3.14/site-packages/starlette/routing.py", line 716, in __call__
    await self.middleware_stack(scope, receive, send)
  File "/Users/hadi/Development/Mumega/sos/venv/lib/python3.14/site-packages/starlette/routing.py", line 736, in app
    await route.handle(scope, receive, send)
  File "/Users/hadi/Development/Mumega/sos/venv/lib/python3.14/site-packages/starlette/routing.py", line 290, in handle
    await self.app(scope, receive, send)
  File "/Users/hadi/Development/Mumega/sos/venv/lib/python3.14/site-packages/fastapi/routing.py", line 115, in app
    await wrap_app_handling_exceptions(app, request)(scope, receive, send)
  File "/Users/hadi/Development/Mumega/sos/venv/lib/python3.14/site-packages/starlette/_exception_handler.py", line 53, in wrapped_app
    raise exc
  File "/Users/hadi/Development/Mumega/sos/venv/lib/python3.14/site-packages/starlette/_exception_handler.py", line 42, in wrapped_app
    await app(scope, receive, sender)
  File "/Users/hadi/Development/Mumega/sos/venv/lib/python3.14/site-packages/fastapi/routing.py", line 101, in app
    response = await f(request)
               ^^^^^^^^^^^^^^^^
  File "/Users/hadi/Development/Mumega/sos/venv/lib/python3.14/site-packages/fastapi/routing.py", line 355, in app
    raw_response = await run_endpoint_function(
                   ^^^^^^^^^^^^^^^^^^^^^^^^^^^^
    ...<3 lines>...
    )
    ^
  File "/Users/hadi/Development/Mumega/sos/venv/lib/python3.14/site-packages/fastapi/routing.py", line 243, in run_endpoint_function
    return await dependant.call(**values)
           ^^^^^^^^^^^^^^^^^^^^^^^^^^^^^^
  File "/Users/hadi/Development/Mumega/sos/sos/services/memory/app.py", line 33, in health
    core_health = await memory.health()
                  ^^^^^^^^^^^^^^^^^^^^^
  File "/Users/hadi/Development/Mumega/sos/sos/services/memory/core.py", line 109, in health
    "item_count": len(self.vector_store) if self.vector_store else 0
                  ~~~^^^^^^^^^^^^^^^^^^^
TypeError: object of type 'ChromaBackend' has no len()
